# JRE version: OpenJDK Runtime Environment Temurin-21.0.9+10 (21.0.9+10) (build 21.0.9+10-LTS)
# Java VM: OpenJDK 64-Bit Server VM Temurin-21.0.9+10 (21.0.9+10-LTS, mixed mode, sharing, tiered, compressed oops, compressed class ptrs, parallel gc, linux-amd64)
GC Precious Log:
 CardTable entry size: 512
 CPUs: 4 total, 4 available
 Memory: 7829M
 Large Page Support: Disabled
 NUMA Support: Disabled
 Compressed Oops: Enabled (32-bit)
 Alignments: Space 512K, Generation 512K, Heap 2M
 Heap Min Capacity: 100M
 Heap Initial Capacity: 100M
 Heap Max Capacity: 2G
 Pre-touch: Disabled
 Parallel Workers: 4
Heap:
 PSYoungGen      total 12800K, used 2682K [0x00000000d5580000, 0x00000000d6480000, 0x0000000100000000)
  eden space 12288K, 18% used [0x00000000d5580000,0x00000000d57bea98,0x00000000d6180000)
  from space 512K, 75% used [0x00000000d6380000,0x00000000d63e0000,0x00000000d6400000)
  to   space 512K, 0% used [0x00000000d6400000,0x00000000d6400000,0x00000000d6480000)
 ParOldGen       total 72192K, used 72090K [0x0000000080000000, 0x0000000084680000, 0x00000000d5580000)
  object space 72192K, 99% used [0x0000000080000000,0x0000000084666a00,0x0000000084680000)
 Metaspace       used 69677K, committed 71296K, reserved 1114112K
  class space    used 7446K, committed 8128K, reserved 1048576K
GC Heap History (20 events):
Event: 33.339 GC heap before
{Heap before GC invocations=59 (full 3):
 PSYoungGen      total 16896K, used 15776K [0x00000000d5580000, 0x00000000d6700000, 0x0000000100000000)
  eden space 15360K, 100% used [0x00000000d5580000,0x00000000d6480000,0x00000000d6480000)
  from space 1536K, 27% used [0x00000000d6480000,0x00000000d64e8020,0x00000000d6600000)
  to   space 1024K, 0% used [0x00000000d6600000,0x00000000d6600000,0x00000000d6700000)
 ParOldGen       total 68608K, used 66252K [0x0000000080000000, 0x0000000084300000, 0x00000000d5580000)
  object space 68608K, 96% used [0x0000000080000000,0x00000000840b3288,0x0000000084300000)
 Metaspace       used 60420K, committed 61888K, reserved 1114112K
  class space    used 6433K, committed 7040K, reserved 1048576K
}
Event: 33.344 GC heap after
{Heap after GC invocations=59 (full 3):
 PSYoungGen      total 15872K, used 256K [0x00000000d5580000, 0x00000000d6680000, 0x0000000100000000)
  eden space 15360K, 0% used [0x00000000d5580000,0x00000000d5580000,0x00000000d6480000)
  from space 512K, 50% used [0x00000000d6600000,0x00000000d6640000,0x00000000d6680000)
  to   space 512K, 0% used [0x00000000d6580000,0x00000000d6580000,0x00000000d6600000)
 ParOldGen       total 68608K, used 66380K [0x0000000080000000, 0x0000000084300000, 0x00000000d5580000)
  object space 68608K, 96% used [0x0000000080000000,0x00000000840d32a8,0x0000000084300000)
 Metaspace       used 60420K, committed 61888K, reserved 1114112K
  class space    used 6433K, committed 7040K, reserved 1048576K
}
Event: 52.296 GC heap before
{Heap before GC invocations=60 (full 3):
 PSYoungGen      total 15872K, used 15616K [0x00000000d5580000, 0x00000000d6680000, 0x0000000100000000)
  eden space 15360K, 100% used [0x00000000d5580000,0x00000000d6480000,0x00000000d6480000)
  from space 512K, 50% used [0x00000000d6600000,0x00000000d6640000,0x00000000d6680000)
  to   space 512K, 0% used [0x00000000d6580000,0x00000000d6580000,0x00000000d6600000)
 ParOldGen       total 68608K, used 66380K [0x0000000080000000, 0x0000000084300000, 0x00000000d5580000)
  object space 68608K, 96% used [0x0000000080000000,0x00000000840d32a8,0x0000000084300000)
 Metaspace       used 61423K, committed 62912K, reserved 1114112K
  class space    used 6538K, committed 7168K, reserved 1048576K
}
Event: 52.300 GC heap after
{Heap after GC invocations=60 (full 3):
 PSYoungGen      total 15872K, used 512K [0x00000000d5580000, 0x00000000d6680000, 0x0000000100000000)
  eden space 15360K, 0% used [0x00000000d5580000,0x00000000d5580000,0x00000000d6480000)
  from space 512K, 100% used [0x00000000d6580000,0x00000000d6600000,0x00000000d6600000)
  to   space 512K, 0% used [0x00000000d6600000,0x00000000d6600000,0x00000000d6680000)
 ParOldGen       total 68608K, used 66538K [0x0000000080000000, 0x0000000084300000, 0x00000000d5580000)
  object space 68608K, 96% used [0x0000000080000000,0x00000000840fa918,0x0000000084300000)
 Metaspace       used 61423K, committed 62912K, reserved 1114112K
  class space    used 6538K, committed 7168K, reserved 1048576K
}
Event: 52.809 GC heap before
{Heap before GC invocations=61 (full 3):
 PSYoungGen      total 15872K, used 15872K [0x00000000d5580000, 0x00000000d6680000, 0x0000000100000000)
  eden space 15360K, 100% used [0x00000000d5580000,0x00000000d6480000,0x00000000d6480000)
  from space 512K, 100% used [0x00000000d6580000,0x00000000d6600000,0x00000000d6600000)
  to   space 512K, 0% used [0x00000000d6600000,0x00000000d6600000,0x00000000d6680000)
 ParOldGen       total 68608K, used 66538K [0x0000000080000000, 0x0000000084300000, 0x00000000d5580000)
  object space 68608K, 96% used [0x0000000080000000,0x00000000840fa918,0x0000000084300000)
 Metaspace       used 62673K, committed 64128K, reserved 1114112K
  class space    used 6646K, committed 7296K, reserved 1048576K
}
Event: 52.827 GC heap after
{Heap after GC invocations=61 (full 3):
 PSYoungGen      total 14336K, used 496K [0x00000000d5580000, 0x00000000d6a80000, 0x0000000100000000)
  eden space 13824K, 0% used [0x00000000d5580000,0x00000000d5580000,0x00000000d6300000)
  from space 512K, 96% used [0x00000000d6600000,0x00000000d667c278,0x00000000d6680000)
  to   space 3072K, 0% used [0x00000000d6300000,0x00000000d6300000,0x00000000d6600000)
 ParOldGen       total 69120K, used 68627K [0x0000000080000000, 0x0000000084380000, 0x00000000d5580000)
  object space 69120K, 99% used [0x0000000080000000,0x0000000084304ec0,0x0000000084380000)
 Metaspace       used 62673K, committed 64128K, reserved 1114112K
  class space    used 6646K, committed 7296K, reserved 1048576K
}
Event: 53.139 GC heap before
{Heap before GC invocations=62 (full 3):
 PSYoungGen      total 14336K, used 14320K [0x00000000d5580000, 0x00000000d6a80000, 0x0000000100000000)
  eden space 13824K, 100% used [0x00000000d5580000,0x00000000d6300000,0x00000000d6300000)
  from space 512K, 96% used [0x00000000d6600000,0x00000000d667c278,0x00000000d6680000)
  to   space 3072K, 0% used [0x00000000d6300000,0x00000000d6300000,0x00000000d6600000)
 ParOldGen       total 69120K, used 68627K [0x0000000080000000, 0x0000000084380000, 0x00000000d5580000)
  object space 69120K, 99% used [0x0000000080000000,0x0000000084304ec0,0x0000000084380000)
 Metaspace       used 64258K, committed 65792K, reserved 1114112K
  class space    used 6779K, committed 7424K, reserved 1048576K
}
Event: 53.163 GC heap after
{Heap after GC invocations=62 (full 3):
 PSYoungGen      total 15360K, used 1065K [0x00000000d5580000, 0x00000000d6700000, 0x0000000100000000)
  eden space 13824K, 0% used [0x00000000d5580000,0x00000000d5580000,0x00000000d6300000)
  from space 1536K, 69% used [0x00000000d6300000,0x00000000d640a7c0,0x00000000d6480000)
  to   space 2048K, 0% used [0x00000000d6500000,0x00000000d6500000,0x00000000d6700000)
 ParOldGen       total 69120K, used 68841K [0x0000000080000000, 0x0000000084380000, 0x00000000d5580000)
  object space 69120K, 99% used [0x0000000080000000,0x000000008433a580,0x0000000084380000)
 Metaspace       used 64258K, committed 65792K, reserved 1114112K
  class space    used 6779K, committed 7424K, reserved 1048576K
}
Event: 53.371 GC heap before
{Heap before GC invocations=63 (full 3):
 PSYoungGen      total 15360K, used 14886K [0x00000000d5580000, 0x00000000d6700000, 0x0000000100000000)
  eden space 13824K, 99% used [0x00000000d5580000,0x00000000d62ff320,0x00000000d6300000)
  from space 1536K, 69% used [0x00000000d6300000,0x00000000d640a7c0,0x00000000d6480000)
  to   space 2048K, 0% used [0x00000000d6500000,0x00000000d6500000,0x00000000d6700000)
 ParOldGen       total 69120K, used 68841K [0x0000000080000000, 0x0000000084380000, 0x00000000d5580000)
  object space 69120K, 99% used [0x0000000080000000,0x000000008433a580,0x0000000084380000)
 Metaspace       used 64914K, committed 66432K, reserved 1114112K
  class space    used 6858K, committed 7488K, reserved 1048576K
}
Event: 53.375 GC heap after
{Heap after GC invocations=63 (full 3):
 PSYoungGen      total 14336K, used 2046K [0x00000000d5580000, 0x00000000d6a00000, 0x0000000100000000)
  eden space 12288K, 0% used [0x00000000d5580000,0x00000000d5580000,0x00000000d6180000)
  from space 2048K, 99% used [0x00000000d6500000,0x00000000d66ffb30,0x00000000d6700000)
  to   space 3584K, 0% used [0x00000000d6180000,0x00000000d6180000,0x00000000d6500000)
 ParOldGen       total 70144K, used 69805K [0x0000000080000000, 0x0000000084480000, 0x00000000d5580000)
  object space 70144K, 99% used [0x0000000080000000,0x000000008442b550,0x0000000084480000)
 Metaspace       used 64914K, committed 66432K, reserved 1114112K
  class space    used 6858K, committed 7488K, reserved 1048576K
}
Event: 311.226 GC heap before
{Heap before GC invocations=64 (full 3):
 PSYoungGen      total 14336K, used 14334K [0x00000000d5580000, 0x00000000d6a00000, 0x0000000100000000)
  eden space 12288K, 100% used [0x00000000d5580000,0x00000000d6180000,0x00000000d6180000)
  from space 2048K, 99% used [0x00000000d6500000,0x00000000d66ffb30,0x00000000d6700000)
  to   space 3584K, 0% used [0x00000000d6180000,0x00000000d6180000,0x00000000d6500000)
 ParOldGen       total 70144K, used 69805K [0x0000000080000000, 0x0000000084480000, 0x00000000d5580000)
  object space 70144K, 99% used [0x0000000080000000,0x000000008442b550,0x0000000084480000)
 Metaspace       used 66056K, committed 67584K, reserved 1114112K
  class space    used 6975K, committed 7616K, reserved 1048576K
}
Event: 311.229 GC heap after
{Heap after GC invocations=64 (full 3):
 PSYoungGen      total 13312K, used 660K [0x00000000d5580000, 0x00000000d6580000, 0x0000000100000000)
  eden space 12288K, 0% used [0x00000000d5580000,0x00000000d5580000,0x00000000d6180000)
  from space 1024K, 64% used [0x00000000d6180000,0x00000000d6225220,0x00000000d6280000)
  to   space 1536K, 0% used [0x00000000d6400000,0x00000000d6400000,0x00000000d6580000)
 ParOldGen       total 71168K, used 71050K [0x0000000080000000, 0x0000000084580000, 0x00000000d5580000)
  object space 71168K, 99% used [0x0000000080000000,0x00000000845628f8,0x0000000084580000)
 Metaspace       used 66056K, committed 67584K, reserved 1114112K
  class space    used 6975K, committed 7616K, reserved 1048576K
}
Event: 313.777 GC heap before
{Heap before GC invocations=65 (full 3):
 PSYoungGen      total 13312K, used 12848K [0x00000000d5580000, 0x00000000d6580000, 0x0000000100000000)
  eden space 12288K, 99% used [0x00000000d5580000,0x00000000d6166e50,0x00000000d6180000)
  from space 1024K, 64% used [0x00000000d6180000,0x00000000d6225220,0x00000000d6280000)
  to   space 1536K, 0% used [0x00000000d6400000,0x00000000d6400000,0x00000000d6580000)
 ParOldGen       total 71168K, used 71050K [0x0000000080000000, 0x0000000084580000, 0x00000000d5580000)
  object space 71168K, 99% used [0x0000000080000000,0x00000000845628f8,0x0000000084580000)
 Metaspace       used 66279K, committed 67776K, reserved 1114112K
  class space    used 7003K, committed 7616K, reserved 1048576K
}
Event: 313.781 GC heap after
{Heap after GC invocations=65 (full 3):
 PSYoungGen      total 12800K, used 400K [0x00000000d5580000, 0x00000000d6480000, 0x0000000100000000)
  eden space 12288K, 0% used [0x00000000d5580000,0x00000000d5580000,0x00000000d6180000)
  from space 512K, 78% used [0x00000000d6400000,0x00000000d6464010,0x00000000d6480000)
  to   space 1024K, 0% used [0x00000000d6280000,0x00000000d6280000,0x00000000d6380000)
 ParOldGen       total 71680K, used 71491K [0x0000000080000000, 0x0000000084600000, 0x00000000d5580000)
  object space 71680K, 99% used [0x0000000080000000,0x00000000845d0de0,0x0000000084600000)
 Metaspace       used 66279K, committed 67776K, reserved 1114112K
  class space    used 7003K, committed 7616K, reserved 1048576K
}
Event: 314.059 GC heap before
{Heap before GC invocations=66 (full 3):
 PSYoungGen      total 12800K, used 12672K [0x00000000d5580000, 0x00000000d6480000, 0x0000000100000000)
  eden space 12288K, 99% used [0x00000000d5580000,0x00000000d617c010,0x00000000d6180000)
  from space 512K, 78% used [0x00000000d6400000,0x00000000d6464010,0x00000000d6480000)
  to   space 1024K, 0% used [0x00000000d6280000,0x00000000d6280000,0x00000000d6380000)
 ParOldGen       total 71680K, used 71491K [0x0000000080000000, 0x0000000084600000, 0x00000000d5580000)
  object space 71680K, 99% used [0x0000000080000000,0x00000000845d0de0,0x0000000084600000)
 Metaspace       used 66955K, committed 68480K, reserved 1114112K
  class space    used 7065K, committed 7680K, reserved 1048576K
}
Event: 314.060 GC heap after
{Heap after GC invocations=66 (full 3):
 PSYoungGen      total 13312K, used 241K [0x00000000d5580000, 0x00000000d6480000, 0x0000000100000000)
  eden space 12288K, 0% used [0x00000000d5580000,0x00000000d5580000,0x00000000d6180000)
  from space 1024K, 23% used [0x00000000d6280000,0x00000000d62bc5a8,0x00000000d6380000)
  to   space 512K, 0% used [0x00000000d6400000,0x00000000d6400000,0x00000000d6480000)
 ParOldGen       total 72192K, used 71707K [0x0000000080000000, 0x0000000084680000, 0x00000000d5580000)
  object space 72192K, 99% used [0x0000000080000000,0x0000000084606df0,0x0000000084680000)
 Metaspace       used 66955K, committed 68480K, reserved 1114112K
  class space    used 7065K, committed 7680K, reserved 1048576K
}
Event: 314.221 GC heap before
{Heap before GC invocations=67 (full 3):
 PSYoungGen      total 13312K, used 12529K [0x00000000d5580000, 0x00000000d6480000, 0x0000000100000000)
  eden space 12288K, 100% used [0x00000000d5580000,0x00000000d6180000,0x00000000d6180000)
  from space 1024K, 23% used [0x00000000d6280000,0x00000000d62bc5a8,0x00000000d6380000)
  to   space 512K, 0% used [0x00000000d6400000,0x00000000d6400000,0x00000000d6480000)
 ParOldGen       total 72192K, used 71707K [0x0000000080000000, 0x0000000084680000, 0x00000000d5580000)
  object space 72192K, 99% used [0x0000000080000000,0x0000000084606df0,0x0000000084680000)
 Metaspace       used 68352K, committed 69888K, reserved 1114112K
  class space    used 7257K, committed 7872K, reserved 1048576K
}
Event: 314.222 GC heap after
{Heap after GC invocations=67 (full 3):
 PSYoungGen      total 12800K, used 304K [0x00000000d5580000, 0x00000000d6480000, 0x0000000100000000)
  eden space 12288K, 0% used [0x00000000d5580000,0x00000000d5580000,0x00000000d6180000)
  from space 512K, 59% used [0x00000000d6400000,0x00000000d644c030,0x00000000d6480000)
  to   space 512K, 0% used [0x00000000d6380000,0x00000000d6380000,0x00000000d6400000)
 ParOldGen       total 72192K, used 71866K [0x0000000080000000, 0x0000000084680000, 0x00000000d5580000)
  object space 72192K, 99% used [0x0000000080000000,0x000000008462e9b0,0x0000000084680000)
 Metaspace       used 68352K, committed 69888K, reserved 1114112K
  class space    used 7257K, committed 7872K, reserved 1048576K
}
Event: 949.513 GC heap before
{Heap before GC invocations=68 (full 3):
 PSYoungGen      total 12800K, used 12592K [0x00000000d5580000, 0x00000000d6480000, 0x0000000100000000)
  eden space 12288K, 100% used [0x00000000d5580000,0x00000000d6180000,0x00000000d6180000)
  from space 512K, 59% used [0x00000000d6400000,0x00000000d644c030,0x00000000d6480000)
  to   space 512K, 0% used [0x00000000d6380000,0x00000000d6380000,0x00000000d6400000)
 ParOldGen       total 72192K, used 71866K [0x0000000080000000, 0x0000000084680000, 0x00000000d5580000)
  object space 72192K, 99% used [0x0000000080000000,0x000000008462e9b0,0x0000000084680000)
 Metaspace       used 69635K, committed 71232K, reserved 1114112K
  class space    used 7446K, committed 8128K, reserved 1048576K
}
Event: 949.664 GC heap after
{Heap after GC invocations=68 (full 3):
 PSYoungGen      total 12800K, used 384K [0x00000000d5580000, 0x00000000d6480000, 0x0000000100000000)
  eden space 12288K, 0% used [0x00000000d5580000,0x00000000d5580000,0x00000000d6180000)
  from space 512K, 75% used [0x00000000d6380000,0x00000000d63e0000,0x00000000d6400000)
  to   space 512K, 0% used [0x00000000d6400000,0x00000000d6400000,0x00000000d6480000)
 ParOldGen       total 72192K, used 72090K [0x0000000080000000, 0x0000000084680000, 0x00000000d5580000)
  object space 72192K, 99% used [0x0000000080000000,0x0000000084666a00,0x0000000084680000)
 Metaspace       used 69635K, committed 71232K, reserved 1114112K
  class space    used 7446K, committed 8128K, reserved 1048576K
}

